{
  "stats": {
    "suites": 2,
    "tests": 5,
    "passes": 5,
    "pending": 0,
    "failures": 0,
    "start": "2025-01-16T03:27:12.358Z",
    "end": "2025-01-16T03:27:15.811Z",
    "duration": 3453,
    "testsRegistered": 5,
    "passPercent": 100,
    "pendingPercent": 0,
    "other": 0,
    "hasOther": false,
    "skipped": 0,
    "hasSkipped": false
  },
  "results": [
    {
      "uuid": "337567e6-df5d-42bf-a36c-c15eae820ab0",
      "title": "",
      "fullFile": "cypress\\e2e\\ejemplos-pruebas\\misc.cy.js",
      "file": "cypress\\e2e\\ejemplos-pruebas\\misc.cy.js",
      "beforeHooks": [],
      "afterHooks": [],
      "tests": [],
      "suites": [
        {
          "uuid": "6e8beb16-7c0f-4c8d-9d96-9113ce27bbe8",
          "title": "Misc",
          "fullFile": "",
          "file": "",
          "beforeHooks": [],
          "afterHooks": [],
          "tests": [
            {
              "title": "cy.exec() - execute a system command",
              "fullTitle": "Misc cy.exec() - execute a system command",
              "timedOut": null,
              "duration": 466,
              "state": "passed",
              "speed": "fast",
              "pass": true,
              "fail": false,
              "pending": false,
              "context": null,
              "code": "// execute a system command.\n// so you can take actions necessary for\n// your test outside the scope of Cypress.\n// https://on.cypress.io/exec\n// we can use Cypress.platform string to\n// select appropriate command\n// https://on.cypress/io/platform\ncy.log(`Platform ${Cypress.platform} architecture ${Cypress.arch}`);\n// on CircleCI Windows build machines we have a failure to run bash shell\n// https://github.com/cypress-io/cypress/issues/5169\n// so skip some of the tests by passing flag \"--env circle=true\"\nconst isCircleOnWindows = Cypress.platform === 'win32' && Cypress.env('circle');\nif (isCircleOnWindows) {\n  cy.log('Skipping test on CircleCI');\n  return;\n}\n// cy.exec problem on Shippable CI\n// https://github.com/cypress-io/cypress/issues/6718\nconst isShippable = Cypress.platform === 'linux' && Cypress.env('shippable');\nif (isShippable) {\n  cy.log('Skipping test on ShippableCI');\n  return;\n}\ncy.exec('echo Jane Lane').its('stdout').should('contain', 'Jane Lane');\nif (Cypress.platform === 'win32') {\n  cy.exec(`print ${Cypress.config('configFile')}`).its('stderr').should('be.empty');\n} else {\n  cy.exec(`cat ${Cypress.config('configFile')}`).its('stderr').should('be.empty');\n  cy.exec('pwd').its('code').should('eq', 0);\n}",
              "err": {},
              "uuid": "7214d0b8-73a4-4429-9df4-3466130da084",
              "parentUUID": "6e8beb16-7c0f-4c8d-9d96-9113ce27bbe8",
              "isHook": false,
              "skipped": false
            },
            {
              "title": "cy.focused() - get the DOM element that has focus",
              "fullTitle": "Misc cy.focused() - get the DOM element that has focus",
              "timedOut": null,
              "duration": 352,
              "state": "passed",
              "speed": "fast",
              "pass": true,
              "fail": false,
              "pending": false,
              "context": null,
              "code": "// https://on.cypress.io/focused\ncy.get('.misc-form').find('#name').click();\ncy.focused().should('have.id', 'name');\ncy.get('.misc-form').find('#description').click();\ncy.focused().should('have.id', 'description');",
              "err": {},
              "uuid": "c01599df-2b20-4245-a5a8-bcb08c5fd74d",
              "parentUUID": "6e8beb16-7c0f-4c8d-9d96-9113ce27bbe8",
              "isHook": false,
              "skipped": false
            },
            {
              "title": "cy.wrap() - wrap an object",
              "fullTitle": "Misc cy.wrap() - wrap an object",
              "timedOut": null,
              "duration": 130,
              "state": "passed",
              "speed": "fast",
              "pass": true,
              "fail": false,
              "pending": false,
              "context": null,
              "code": "// https://on.cypress.io/wrap\ncy.wrap({\n  foo: 'bar'\n}).should('have.property', 'foo').and('include', 'bar');",
              "err": {},
              "uuid": "92dd1944-61e4-4f54-8848-45a8fce144cb",
              "parentUUID": "6e8beb16-7c0f-4c8d-9d96-9113ce27bbe8",
              "isHook": false,
              "skipped": false
            }
          ],
          "suites": [
            {
              "uuid": "bbab3fd2-f760-49a3-9dd6-a82a881cfb51",
              "title": "Cypress.Screenshot",
              "fullFile": "",
              "file": "",
              "beforeHooks": [],
              "afterHooks": [],
              "tests": [
                {
                  "title": "cy.screenshot() - take a screenshot",
                  "fullTitle": "Misc Cypress.Screenshot cy.screenshot() - take a screenshot",
                  "timedOut": null,
                  "duration": 1081,
                  "state": "passed",
                  "speed": "fast",
                  "pass": true,
                  "fail": false,
                  "pending": false,
                  "context": null,
                  "code": "// https://on.cypress.io/screenshot\ncy.screenshot('my-image');",
                  "err": {},
                  "uuid": "9736f6ee-6c9b-4057-baea-d786c7629bf2",
                  "parentUUID": "bbab3fd2-f760-49a3-9dd6-a82a881cfb51",
                  "isHook": false,
                  "skipped": false
                },
                {
                  "title": "Cypress.Screenshot.defaults() - change default config of screenshots",
                  "fullTitle": "Misc Cypress.Screenshot Cypress.Screenshot.defaults() - change default config of screenshots",
                  "timedOut": null,
                  "duration": 127,
                  "state": "passed",
                  "speed": "fast",
                  "pass": true,
                  "fail": false,
                  "pending": false,
                  "context": null,
                  "code": "Cypress.Screenshot.defaults({\n  blackout: ['.foo'],\n  capture: 'viewport',\n  clip: {\n    x: 0,\n    y: 0,\n    width: 200,\n    height: 200\n  },\n  scale: false,\n  disableTimersAndAnimations: true,\n  screenshotOnRunFailure: true,\n  onBeforeScreenshot() {},\n  onAfterScreenshot() {}\n});",
                  "err": {},
                  "uuid": "1966f248-2bba-4681-8277-4db9bbc8a152",
                  "parentUUID": "bbab3fd2-f760-49a3-9dd6-a82a881cfb51",
                  "isHook": false,
                  "skipped": false
                }
              ],
              "suites": [],
              "passes": [
                "9736f6ee-6c9b-4057-baea-d786c7629bf2",
                "1966f248-2bba-4681-8277-4db9bbc8a152"
              ],
              "failures": [],
              "pending": [],
              "skipped": [],
              "duration": 1208,
              "root": false,
              "rootEmpty": false,
              "_timeout": 2000
            }
          ],
          "passes": [
            "7214d0b8-73a4-4429-9df4-3466130da084",
            "c01599df-2b20-4245-a5a8-bcb08c5fd74d",
            "92dd1944-61e4-4f54-8848-45a8fce144cb"
          ],
          "failures": [],
          "pending": [],
          "skipped": [],
          "duration": 948,
          "root": false,
          "rootEmpty": false,
          "_timeout": 2000
        }
      ],
      "passes": [],
      "failures": [],
      "pending": [],
      "skipped": [],
      "duration": 0,
      "root": true,
      "rootEmpty": true,
      "_timeout": 2000
    }
  ],
  "meta": {
    "mocha": {
      "version": "7.0.1"
    },
    "mochawesome": {
      "options": {
        "quiet": false,
        "reportFilename": "mochawesome",
        "saveHtml": false,
        "saveJson": true,
        "consoleReporter": "spec",
        "useInlineDiffs": false,
        "code": true
      },
      "version": "7.1.3"
    },
    "marge": {
      "options": {
        "overwrite": false,
        "html": false,
        "json": true,
        "reportDir": "cypress\\reports\\html\\.jsons"
      },
      "version": "6.2.0"
    }
  }
}