{
  "stats": {
    "suites": 1,
    "tests": 18,
    "passes": 18,
    "pending": 0,
    "failures": 0,
    "start": "2025-01-16T03:29:43.742Z",
    "end": "2025-01-16T03:29:48.769Z",
    "duration": 5027,
    "testsRegistered": 18,
    "passPercent": 100,
    "pendingPercent": 0,
    "other": 0,
    "hasOther": false,
    "skipped": 0,
    "hasSkipped": false
  },
  "results": [
    {
      "uuid": "3e7131c2-9c90-45b2-b475-32321d8852e1",
      "title": "",
      "fullFile": "cypress\\e2e\\grupo1\\traversal.cy.js",
      "file": "cypress\\e2e\\grupo1\\traversal.cy.js",
      "beforeHooks": [],
      "afterHooks": [],
      "tests": [],
      "suites": [
        {
          "uuid": "1001d813-a9c9-4d70-99e8-4bdf195d5a9f",
          "title": "Traversal",
          "fullFile": "",
          "file": "",
          "beforeHooks": [],
          "afterHooks": [],
          "tests": [
            {
              "title": ".children() - get child DOM elements",
              "fullTitle": "Traversal .children() - get child DOM elements",
              "timedOut": null,
              "duration": 445,
              "state": "passed",
              "speed": "fast",
              "pass": true,
              "fail": false,
              "pending": false,
              "context": null,
              "code": "// https://on.cypress.io/children\ncy.get('.traversal-breadcrumb').children('.active').should('contain', 'Data');",
              "err": {},
              "uuid": "d64d3592-f021-413e-8733-fb73e6c5ad3c",
              "parentUUID": "1001d813-a9c9-4d70-99e8-4bdf195d5a9f",
              "isHook": false,
              "skipped": false
            },
            {
              "title": ".closest() - get closest ancestor DOM element",
              "fullTitle": "Traversal .closest() - get closest ancestor DOM element",
              "timedOut": null,
              "duration": 183,
              "state": "passed",
              "speed": "fast",
              "pass": true,
              "fail": false,
              "pending": false,
              "context": null,
              "code": "// https://on.cypress.io/closest\ncy.get('.traversal-badge').closest('ul').should('have.class', 'list-group');",
              "err": {},
              "uuid": "8fd0f2a6-a3b3-445e-9dcd-7f3c10acb0b4",
              "parentUUID": "1001d813-a9c9-4d70-99e8-4bdf195d5a9f",
              "isHook": false,
              "skipped": false
            },
            {
              "title": ".eq() - get a DOM element at a specific index",
              "fullTitle": "Traversal .eq() - get a DOM element at a specific index",
              "timedOut": null,
              "duration": 194,
              "state": "passed",
              "speed": "fast",
              "pass": true,
              "fail": false,
              "pending": false,
              "context": null,
              "code": "// https://on.cypress.io/eq\ncy.get('.traversal-list>li').eq(1).should('contain', 'siamese');",
              "err": {},
              "uuid": "26d42c78-1d65-45ca-ba85-43d1e4cdfe32",
              "parentUUID": "1001d813-a9c9-4d70-99e8-4bdf195d5a9f",
              "isHook": false,
              "skipped": false
            },
            {
              "title": ".filter() - get DOM elements that match the selector",
              "fullTitle": "Traversal .filter() - get DOM elements that match the selector",
              "timedOut": null,
              "duration": 143,
              "state": "passed",
              "speed": "fast",
              "pass": true,
              "fail": false,
              "pending": false,
              "context": null,
              "code": "// https://on.cypress.io/filter\ncy.get('.traversal-nav>li').filter('.active').should('contain', 'About');",
              "err": {},
              "uuid": "f6ec549a-8ef6-45d0-8f17-8087529701cd",
              "parentUUID": "1001d813-a9c9-4d70-99e8-4bdf195d5a9f",
              "isHook": false,
              "skipped": false
            },
            {
              "title": ".find() - get descendant DOM elements of the selector",
              "fullTitle": "Traversal .find() - get descendant DOM elements of the selector",
              "timedOut": null,
              "duration": 144,
              "state": "passed",
              "speed": "fast",
              "pass": true,
              "fail": false,
              "pending": false,
              "context": null,
              "code": "// https://on.cypress.io/find\ncy.get('.traversal-pagination').find('li').find('a').should('have.length', 7);",
              "err": {},
              "uuid": "63332fcb-dd4f-4771-9927-be989c9c9ace",
              "parentUUID": "1001d813-a9c9-4d70-99e8-4bdf195d5a9f",
              "isHook": false,
              "skipped": false
            },
            {
              "title": ".first() - get first DOM element",
              "fullTitle": "Traversal .first() - get first DOM element",
              "timedOut": null,
              "duration": 148,
              "state": "passed",
              "speed": "fast",
              "pass": true,
              "fail": false,
              "pending": false,
              "context": null,
              "code": "// https://on.cypress.io/first\ncy.get('.traversal-table td').first().should('contain', '1');",
              "err": {},
              "uuid": "8756877a-c00b-447a-9b22-3b41f0c65054",
              "parentUUID": "1001d813-a9c9-4d70-99e8-4bdf195d5a9f",
              "isHook": false,
              "skipped": false
            },
            {
              "title": ".last() - get last DOM element",
              "fullTitle": "Traversal .last() - get last DOM element",
              "timedOut": null,
              "duration": 130,
              "state": "passed",
              "speed": "fast",
              "pass": true,
              "fail": false,
              "pending": false,
              "context": null,
              "code": "// https://on.cypress.io/last\ncy.get('.traversal-buttons .btn').last().should('contain', 'Submit');",
              "err": {},
              "uuid": "e311b79e-ec6e-48de-ad8a-57d69b2f916e",
              "parentUUID": "1001d813-a9c9-4d70-99e8-4bdf195d5a9f",
              "isHook": false,
              "skipped": false
            },
            {
              "title": ".next() - get next sibling DOM element",
              "fullTitle": "Traversal .next() - get next sibling DOM element",
              "timedOut": null,
              "duration": 143,
              "state": "passed",
              "speed": "fast",
              "pass": true,
              "fail": false,
              "pending": false,
              "context": null,
              "code": "// https://on.cypress.io/next\ncy.get('.traversal-ul').contains('apples').next().should('contain', 'oranges');",
              "err": {},
              "uuid": "0c8f7839-512a-4324-b0fc-06e88725360b",
              "parentUUID": "1001d813-a9c9-4d70-99e8-4bdf195d5a9f",
              "isHook": false,
              "skipped": false
            },
            {
              "title": ".nextAll() - get all next sibling DOM elements",
              "fullTitle": "Traversal .nextAll() - get all next sibling DOM elements",
              "timedOut": null,
              "duration": 165,
              "state": "passed",
              "speed": "fast",
              "pass": true,
              "fail": false,
              "pending": false,
              "context": null,
              "code": "// https://on.cypress.io/nextall\ncy.get('.traversal-next-all').contains('oranges').nextAll().should('have.length', 3);",
              "err": {},
              "uuid": "d48f2254-fd14-4314-b141-c0f81b35bc6c",
              "parentUUID": "1001d813-a9c9-4d70-99e8-4bdf195d5a9f",
              "isHook": false,
              "skipped": false
            },
            {
              "title": ".nextUntil() - get next sibling DOM elements until next el",
              "fullTitle": "Traversal .nextUntil() - get next sibling DOM elements until next el",
              "timedOut": null,
              "duration": 160,
              "state": "passed",
              "speed": "fast",
              "pass": true,
              "fail": false,
              "pending": false,
              "context": null,
              "code": "// https://on.cypress.io/nextuntil\ncy.get('#veggies').nextUntil('#nuts').should('have.length', 3);",
              "err": {},
              "uuid": "6ee5c5a6-9ac0-4aa9-8f7a-5be64961b716",
              "parentUUID": "1001d813-a9c9-4d70-99e8-4bdf195d5a9f",
              "isHook": false,
              "skipped": false
            },
            {
              "title": ".not() - remove DOM elements from set of DOM elements",
              "fullTitle": "Traversal .not() - remove DOM elements from set of DOM elements",
              "timedOut": null,
              "duration": 208,
              "state": "passed",
              "speed": "fast",
              "pass": true,
              "fail": false,
              "pending": false,
              "context": null,
              "code": "// https://on.cypress.io/not\ncy.get('.traversal-disabled .btn').not('[disabled]').should('not.contain', 'Disabled');",
              "err": {},
              "uuid": "350f850f-f662-472e-b3b1-7473b2606685",
              "parentUUID": "1001d813-a9c9-4d70-99e8-4bdf195d5a9f",
              "isHook": false,
              "skipped": false
            },
            {
              "title": ".parent() - get parent DOM element from DOM elements",
              "fullTitle": "Traversal .parent() - get parent DOM element from DOM elements",
              "timedOut": null,
              "duration": 313,
              "state": "passed",
              "speed": "fast",
              "pass": true,
              "fail": false,
              "pending": false,
              "context": null,
              "code": "// https://on.cypress.io/parent\ncy.get('.traversal-mark').parent().should('contain', 'Morbi leo risus');",
              "err": {},
              "uuid": "76cabdfd-2540-41f5-89f1-e5ec74865f65",
              "parentUUID": "1001d813-a9c9-4d70-99e8-4bdf195d5a9f",
              "isHook": false,
              "skipped": false
            },
            {
              "title": ".parents() - get parent DOM elements from DOM elements",
              "fullTitle": "Traversal .parents() - get parent DOM elements from DOM elements",
              "timedOut": null,
              "duration": 286,
              "state": "passed",
              "speed": "fast",
              "pass": true,
              "fail": false,
              "pending": false,
              "context": null,
              "code": "// https://on.cypress.io/parents\ncy.get('.traversal-cite').parents().should('match', 'blockquote');",
              "err": {},
              "uuid": "b1975620-b9e3-4731-8689-532059638b67",
              "parentUUID": "1001d813-a9c9-4d70-99e8-4bdf195d5a9f",
              "isHook": false,
              "skipped": false
            },
            {
              "title": ".parentsUntil() - get parent DOM elements from DOM elements until el",
              "fullTitle": "Traversal .parentsUntil() - get parent DOM elements from DOM elements until el",
              "timedOut": null,
              "duration": 207,
              "state": "passed",
              "speed": "fast",
              "pass": true,
              "fail": false,
              "pending": false,
              "context": null,
              "code": "// https://on.cypress.io/parentsuntil\ncy.get('.clothes-nav').find('.active').parentsUntil('.clothes-nav').should('have.length', 2);",
              "err": {},
              "uuid": "6b86553a-4d9e-41ea-992a-eb1703e592e5",
              "parentUUID": "1001d813-a9c9-4d70-99e8-4bdf195d5a9f",
              "isHook": false,
              "skipped": false
            },
            {
              "title": ".prev() - get previous sibling DOM element",
              "fullTitle": "Traversal .prev() - get previous sibling DOM element",
              "timedOut": null,
              "duration": 154,
              "state": "passed",
              "speed": "fast",
              "pass": true,
              "fail": false,
              "pending": false,
              "context": null,
              "code": "// https://on.cypress.io/prev\ncy.get('.birds').find('.active').prev().should('contain', 'Lorikeets');",
              "err": {},
              "uuid": "cdc0cfbc-0ebc-4e0d-bb45-57cb16c80141",
              "parentUUID": "1001d813-a9c9-4d70-99e8-4bdf195d5a9f",
              "isHook": false,
              "skipped": false
            },
            {
              "title": ".prevAll() - get all previous sibling DOM elements",
              "fullTitle": "Traversal .prevAll() - get all previous sibling DOM elements",
              "timedOut": null,
              "duration": 152,
              "state": "passed",
              "speed": "fast",
              "pass": true,
              "fail": false,
              "pending": false,
              "context": null,
              "code": "// https://on.cypress.io/prevall\ncy.get('.fruits-list').find('.third').prevAll().should('have.length', 2);",
              "err": {},
              "uuid": "16b5ce88-0e2b-474c-8434-0e78f34606a0",
              "parentUUID": "1001d813-a9c9-4d70-99e8-4bdf195d5a9f",
              "isHook": false,
              "skipped": false
            },
            {
              "title": ".prevUntil() - get all previous sibling DOM elements until el",
              "fullTitle": "Traversal .prevUntil() - get all previous sibling DOM elements until el",
              "timedOut": null,
              "duration": 173,
              "state": "passed",
              "speed": "fast",
              "pass": true,
              "fail": false,
              "pending": false,
              "context": null,
              "code": "// https://on.cypress.io/prevuntil\ncy.get('.foods-list').find('#nuts').prevUntil('#veggies').should('have.length', 3);",
              "err": {},
              "uuid": "488541a3-3381-43d0-a2e6-a77eba97eabf",
              "parentUUID": "1001d813-a9c9-4d70-99e8-4bdf195d5a9f",
              "isHook": false,
              "skipped": false
            },
            {
              "title": ".siblings() - get all sibling DOM elements",
              "fullTitle": "Traversal .siblings() - get all sibling DOM elements",
              "timedOut": null,
              "duration": 165,
              "state": "passed",
              "speed": "fast",
              "pass": true,
              "fail": false,
              "pending": false,
              "context": null,
              "code": "// https://on.cypress.io/siblings\ncy.get('.traversal-pills .active').siblings().should('have.length', 2);",
              "err": {},
              "uuid": "6ccb4b25-652e-47ea-b5ad-65e9b371f49d",
              "parentUUID": "1001d813-a9c9-4d70-99e8-4bdf195d5a9f",
              "isHook": false,
              "skipped": false
            }
          ],
          "suites": [],
          "passes": [
            "d64d3592-f021-413e-8733-fb73e6c5ad3c",
            "8fd0f2a6-a3b3-445e-9dcd-7f3c10acb0b4",
            "26d42c78-1d65-45ca-ba85-43d1e4cdfe32",
            "f6ec549a-8ef6-45d0-8f17-8087529701cd",
            "63332fcb-dd4f-4771-9927-be989c9c9ace",
            "8756877a-c00b-447a-9b22-3b41f0c65054",
            "e311b79e-ec6e-48de-ad8a-57d69b2f916e",
            "0c8f7839-512a-4324-b0fc-06e88725360b",
            "d48f2254-fd14-4314-b141-c0f81b35bc6c",
            "6ee5c5a6-9ac0-4aa9-8f7a-5be64961b716",
            "350f850f-f662-472e-b3b1-7473b2606685",
            "76cabdfd-2540-41f5-89f1-e5ec74865f65",
            "b1975620-b9e3-4731-8689-532059638b67",
            "6b86553a-4d9e-41ea-992a-eb1703e592e5",
            "cdc0cfbc-0ebc-4e0d-bb45-57cb16c80141",
            "16b5ce88-0e2b-474c-8434-0e78f34606a0",
            "488541a3-3381-43d0-a2e6-a77eba97eabf",
            "6ccb4b25-652e-47ea-b5ad-65e9b371f49d"
          ],
          "failures": [],
          "pending": [],
          "skipped": [],
          "duration": 3513,
          "root": false,
          "rootEmpty": false,
          "_timeout": 2000
        }
      ],
      "passes": [],
      "failures": [],
      "pending": [],
      "skipped": [],
      "duration": 0,
      "root": true,
      "rootEmpty": true,
      "_timeout": 2000
    }
  ],
  "meta": {
    "mocha": {
      "version": "7.0.1"
    },
    "mochawesome": {
      "options": {
        "quiet": false,
        "reportFilename": "mochawesome",
        "saveHtml": false,
        "saveJson": true,
        "consoleReporter": "spec",
        "useInlineDiffs": false,
        "code": true
      },
      "version": "7.1.3"
    },
    "marge": {
      "options": {
        "overwrite": false,
        "html": false,
        "json": true,
        "reportDir": "cypress\\reports\\html\\.jsons"
      },
      "version": "6.2.0"
    }
  }
}